
while.o:     file format elf64-x86-64


Disassembly of section .text:

0000000000000000 <main>:
int main()
{
   0:	55                   	push   rbp
   1:	48 89 e5             	mov    rbp,rsp
    int i = 0;
   4:	c7 45 fc 00 00 00 00 	mov    DWORD PTR [rbp-0x4],0x0
    while (i < 5)
   b:	eb 04                	jmp    11 <main+0x11>
    {
        ++i;
   d:	83 45 fc 01          	add    DWORD PTR [rbp-0x4],0x1
    while (i < 5)
  11:	83 7d fc 04          	cmp    DWORD PTR [rbp-0x4],0x4
  15:	7e f6                	jle    d <main+0xd>
  17:	b8 00 00 00 00       	mov    eax,0x0
    }
}
  1c:	5d                   	pop    rbp
  1d:	c3                   	ret    
